<?xml version="1.0" encoding="UTF-8"?>
<!-- Generated by org.testng.reporters.JUnitXMLReporter -->
<testsuite ignored="0" hostname="IBM-CQC72F3" failures="1" tests="2" name="Chrome Test" time="22.043" errors="0" timestamp="2025-01-15T15:30:00 IST">
  <testcase classname="test.LoginTest" name="testLogin" time="1.518"/>
  <testcase classname="test.LoginTest" name="testLogin" time="1.263">
    <failure type="java.lang.AssertionError" message="Login failed or unexpected message. expected [true] but found [false]">
      <![CDATA[java.lang.AssertionError: Login failed or unexpected message. expected [true] but found [false]
at test.LoginTest.testLogin(LoginTest.java:70)
at java.base/java.util.ArrayList.forEach(ArrayList.java:1596)
at java.base/java.util.concurrent.FutureTask.run(FutureTask.java:317)
at java.base/java.util.concurrent.ThreadPoolExecutor.runWorker(ThreadPoolExecutor.java:1144)
at java.base/java.util.concurrent.ThreadPoolExecutor$Worker.run(ThreadPoolExecutor.java:642)
at java.base/java.lang.Thread.run(Thread.java:1583)
... Removed 18 stack frames]]>
    </failure>
  </testcase> <!-- testLogin -->
</testsuite> <!-- Chrome Test -->
