<?xml version="1.0" encoding="UTF-8"?>
<!-- Generated by org.testng.reporters.JUnitXMLReporter -->
<testsuite ignored="0" hostname="IBM-CQC72F3" failures="1" tests="1" name="LoginTests" time="0.03" errors="0" timestamp="2025-01-03T16:29:31 IST">
  <testcase classname="test.LoginTest" name="testLogin" time="0.0">
    <failure type="java.lang.RuntimeException" message="java.lang.NullPointerException: Cannot invoke &amp;quot;utils.ExcelReader.getData(int, int, int)&amp;quot; because &amp;quot;this.excelReader&amp;quot; is null">
      <![CDATA[java.lang.RuntimeException: java.lang.NullPointerException: Cannot invoke "utils.ExcelReader.getData(int, int, int)" because "this.excelReader" is null
at java.base/java.util.ArrayList.forEach(ArrayList.java:1596)
Caused by: java.lang.NullPointerException: Cannot invoke "utils.ExcelReader.getData(int, int, int)" because "this.excelReader" is null
at test.LoginTest.getLoginData(LoginTest.java:26)
... 25 more
... Removed 30 stack frames]]>
    </failure>
  </testcase> <!-- testLogin -->
</testsuite> <!-- LoginTests -->
